<?xml version="1.0" encoding="utf-8"?><testsuites name="pytest tests"><testsuite name="pytest" errors="0" failures="0" skipped="0" tests="6" time="0.569" timestamp="2026-07-14T18:44:45.525207+00:00" hostname="agent-env-282177ba-906e-4f67-b2e9-2398e130391a"><testcase classname="backend.tests.test_download_sql.TestResourcesMigrationDownload" name="test_status_and_content_type" time="0.209" /><testcase classname="backend.tests.test_download_sql.TestResourcesMigrationDownload" name="test_body_starts_with_header" time="0.055" /><testcase classname="backend.tests.test_download_sql.TestResourcesMigrationDownload" name="test_insert_count_and_not_truncated" time="0.050" /><testcase classname="backend.tests.test_download_sql.TestResourcesMigrationDownload" name="test_last_insert_terminated" time="0.056" /><testcase classname="backend.tests.test_download_sql.TestNotaryMigrationDownload" name="test_status_and_content" time="0.052" /><testcase classname="backend.tests.test_download_sql.TestCandlesMigrationRegression" name="test_status_ok" time="0.051" /></testsuite></testsuites>