<?xml version="1.0" encoding="utf-8"?><testsuites name="pytest tests"><testsuite name="pytest" errors="0" failures="0" skipped="0" tests="6" time="0.685" timestamp="2026-07-14T17:23:52.205488+00:00" hostname="agent-env-282177ba-906e-4f67-b2e9-2398e130391a"><testcase classname="backend.tests.test_notary.TestNotarySubmit" name="test_valid_submission_returns_echo_with_id_and_status" time="0.218" /><testcase classname="backend.tests.test_notary.TestNotarySubmit" name="test_minimum_required_fields" time="0.071" /><testcase classname="backend.tests.test_notary.TestNotarySubmit" name="test_missing_phone_returns_400" time="0.067" /><testcase classname="backend.tests.test_notary.TestNotarySubmit" name="test_missing_name_returns_400" time="0.054" /><testcase classname="backend.tests.test_notary.TestNotarySubmit" name="test_empty_body_returns_400" time="0.052" /><testcase classname="backend.tests.test_notary.TestNotaryAdminList" name="test_returns_200_with_empty_array" time="0.060" /></testsuite></testsuites>