<?xml version="1.0" encoding="utf-8"?><testsuites name="pytest tests"><testsuite name="pytest" errors="0" failures="0" skipped="0" tests="4" time="0.445" timestamp="2026-06-24T00:41:37.781049+00:00" hostname="agent-env-282177ba-906e-4f67-b2e9-2398e130391a"><testcase classname="backend.tests.test_compat_stubs.TestTestimoniesStub" name="test_returns_200_with_empty_array" time="0.153" /><testcase classname="backend.tests.test_compat_stubs.TestTestimoniesStub" name="test_works_without_limit_param" time="0.048" /><testcase classname="backend.tests.test_compat_stubs.TestDonationsProgressStub" name="test_returns_200_with_expected_shape" time="0.048" /><testcase classname="backend.tests.test_compat_stubs.TestImpactStatsStub" name="test_returns_200_with_expected_shape" time="0.046" /></testsuite></testsuites>