<?xml version="1.0" encoding="utf-8"?><testsuites name="pytest tests"><testsuite name="pytest" errors="0" failures="0" skipped="0" tests="20" time="2.282" timestamp="2026-07-14T19:32:57.454537+00:00" hostname="agent-env-282177ba-906e-4f67-b2e9-2398e130391a"><testcase classname="backend.tests.test_resources.TestPublicResources" name="test_get_all_resources_returns_seed" time="0.221" /><testcase classname="backend.tests.test_resources.TestPublicResources" name="test_filter_by_category[housing-10]" time="0.069" /><testcase classname="backend.tests.test_resources.TestPublicResources" name="test_filter_by_category[food-12]" time="0.072" /><testcase classname="backend.tests.test_resources.TestPublicResources" name="test_filter_by_category[clothing-9]" time="0.071" /><testcase classname="backend.tests.test_resources.TestPublicResources" name="test_filter_by_category[social-services-9]" time="0.083" /><testcase classname="backend.tests.test_resources.TestPublicResources" name="test_filter_by_category[mental-health-8]" time="0.069" /><testcase classname="backend.tests.test_resources.TestPublicResources" name="test_filter_by_category[domestic-violence-10]" time="0.072" /><testcase classname="backend.tests.test_resources.TestPublicResources" name="test_unknown_category_returns_empty" time="0.068" /><testcase classname="backend.tests.test_resources.TestAdminResourcesCRUD" name="test_admin_list_returns_all_including_inactive" time="0.073" /><testcase classname="backend.tests.test_resources.TestAdminResourcesCRUD" name="test_create_missing_name_returns_400" time="0.067" /><testcase classname="backend.tests.test_resources.TestAdminResourcesCRUD" name="test_create_missing_category_returns_400" time="0.069" /><testcase classname="backend.tests.test_resources.TestAdminResourcesCRUD" name="test_full_crud_cycle" time="0.664" /><testcase classname="backend.tests.test_download_sql.TestResourcesMigrationDownload" name="test_status_and_content_type" time="0.167" /><testcase classname="backend.tests.test_download_sql.TestResourcesMigrationDownload" name="test_body_starts_with_header" time="0.067" /><testcase classname="backend.tests.test_download_sql.TestResourcesMigrationDownload" name="test_insert_count_and_not_truncated" time="0.077" /><testcase classname="backend.tests.test_download_sql.TestResourcesMigrationDownload" name="test_last_insert_terminated" time="0.061" /><testcase classname="backend.tests.test_download_sql.TestNotaryMigrationDownload" name="test_status_and_content" time="0.062" /><testcase classname="backend.tests.test_download_sql.TestResourcesDvDeltaDownload" name="test_status_and_content_type" time="0.060" /><testcase classname="backend.tests.test_download_sql.TestResourcesDvDeltaDownload" name="test_header_and_inserts" time="0.060" /><testcase classname="backend.tests.test_download_sql.TestCandlesMigrationRegression" name="test_status_ok" time="0.060" /></testsuite></testsuites>