<?xml version="1.0" encoding="utf-8"?><testsuites name="pytest tests"><testsuite name="pytest" errors="0" failures="0" skipped="0" tests="11" time="6.435" timestamp="2026-07-14T18:17:50.082518+00:00" hostname="agent-env-282177ba-906e-4f67-b2e9-2398e130391a"><testcase classname="backend.tests.test_resources.TestPublicResources" name="test_get_all_resources_returns_seed" time="0.230" /><testcase classname="backend.tests.test_resources.TestPublicResources" name="test_filter_by_category[housing-10]" time="0.078" /><testcase classname="backend.tests.test_resources.TestPublicResources" name="test_filter_by_category[food-12]" time="0.068" /><testcase classname="backend.tests.test_resources.TestPublicResources" name="test_filter_by_category[clothing-9]" time="0.060" /><testcase classname="backend.tests.test_resources.TestPublicResources" name="test_filter_by_category[social-services-9]" time="0.062" /><testcase classname="backend.tests.test_resources.TestPublicResources" name="test_filter_by_category[mental-health-8]" time="0.054" /><testcase classname="backend.tests.test_resources.TestPublicResources" name="test_unknown_category_returns_empty" time="0.057" /><testcase classname="backend.tests.test_resources.TestAdminResourcesCRUD" name="test_admin_list_returns_all_including_inactive" time="0.071" /><testcase classname="backend.tests.test_resources.TestAdminResourcesCRUD" name="test_create_missing_name_returns_400" time="0.057" /><testcase classname="backend.tests.test_resources.TestAdminResourcesCRUD" name="test_create_missing_category_returns_400" time="0.059" /><testcase classname="backend.tests.test_resources.TestAdminResourcesCRUD" name="test_full_crud_cycle" time="5.513" /></testsuite></testsuites>