<?xml version="1.0" encoding="utf-8"?><testsuites name="pytest tests"><testsuite name="pytest" errors="0" failures="0" skipped="0" tests="15" time="1.768" timestamp="2026-07-14T20:48:35.968014+00:00" hostname="agent-env-282177ba-906e-4f67-b2e9-2398e130391a"><testcase classname="backend.tests.test_voices_mailbox.TestMailboxGenerate" name="test_generate_3_codes_ok" time="0.262" /><testcase classname="backend.tests.test_voices_mailbox.TestMailboxGenerate" name="test_get_mailbox_increments_visit_count" time="0.195" /><testcase classname="backend.tests.test_voices_mailbox.TestMailboxGenerate" name="test_get_mailbox_nonexistent_404" time="0.056" /><testcase classname="backend.tests.test_voices_mailbox.TestMailboxGenerate" name="test_admin_mailbox_list_contains_created" time="0.059" /><testcase classname="backend.tests.test_voices_mailbox.TestMailboxGenerate" name="test_delete_mailbox_code" time="0.103" /><testcase classname="backend.tests.test_voices_mailbox.TestVoicesPublic" name="test_voices_public_returns_list" time="0.051" /><testcase classname="backend.tests.test_voices_mailbox.TestVoicesPublic" name="test_admin_voices_returns_list" time="0.049" /><testcase classname="backend.tests.test_voices_mailbox.TestVoiceLifecycle" name="test_submit_voice" time="0.056" /><testcase classname="backend.tests.test_voices_mailbox.TestVoiceLifecycle" name="test_submit_voice_missing_first_name" time="0.064" /><testcase classname="backend.tests.test_voices_mailbox.TestVoiceLifecycle" name="test_admin_approve_voice" time="0.120" /><testcase classname="backend.tests.test_voices_mailbox.TestVoiceLifecycle" name="test_admin_update_nonexistent_voice_404" time="0.057" /><testcase classname="backend.tests.test_voices_mailbox.TestVoiceLifecycle" name="test_admin_delete_voice" time="0.119" /><testcase classname="backend.tests.test_voices_mailbox.TestMigrationSql" name="test_voices_mailbox_migration_sql_download" time="0.087" /><testcase classname="backend.tests.test_voices_mailbox.TestRegression" name="test_root_api" time="0.093" /><testcase classname="backend.tests.test_voices_mailbox.TestRegression" name="test_admin_login_still_ok" time="0.330" /></testsuite></testsuites>