<?xml version="1.0" encoding="utf-8"?><testsuites name="pytest tests"><testsuite name="pytest" errors="0" failures="0" skipped="0" tests="10" time="0.813" timestamp="2026-07-14T21:02:47.505394+00:00" hostname="agent-env-282177ba-906e-4f67-b2e9-2398e130391a"><testcase classname="backend.tests.test_voices_mailbox_migration.TestVoicesMailboxMigration" name="test_status_and_content_type" time="0.290" /><testcase classname="backend.tests.test_voices_mailbox_migration.TestVoicesMailboxMigration" name="test_header_uses_regular_hyphen" time="0.000" /><testcase classname="backend.tests.test_voices_mailbox_migration.TestVoicesMailboxMigration" name="test_no_inline_column_comments" time="0.000" /><testcase classname="backend.tests.test_voices_mailbox_migration.TestVoicesMailboxMigration" name="test_expected_statement_counts" time="0.000" /><testcase classname="backend.tests.test_voices_mailbox_migration.TestVoicesMailboxMigration" name="test_no_foreign_key_clause" time="0.000" /><testcase classname="backend.tests.test_voices_mailbox_migration.TestVoicesMailboxMigration" name="test_sqlite_executescript_parses_cleanly" time="0.001" /><testcase classname="backend.tests.test_voices_mailbox_migration" name="test_regression_other_migration_downloads[/api/download/resources-migration-sql]" time="0.113" /><testcase classname="backend.tests.test_voices_mailbox_migration" name="test_regression_other_migration_downloads[/api/download/notary-migration-sql]" time="0.107" /><testcase classname="backend.tests.test_voices_mailbox_migration" name="test_regression_other_migration_downloads[/api/download/candles-migration-sql]" time="0.152" /><testcase classname="backend.tests.test_voices_mailbox_migration" name="test_regression_other_migration_downloads[/api/download/resources-dv-delta-sql]" time="0.104" /></testsuite></testsuites>